time=2024-06-30T21:33:11.530+05:00 level=ERROR msg="Error executing request" err="Get \"GET\": unsupported protocol scheme \"\"" requestData="Method: GET\nURL: https://pokeapi.co/api/v2/pokemon\nHeaders: []\nData \n"
time=2024-06-30T21:34:27.888+05:00 level=ERROR msg="Error executing request" err="Get \"GET\": unsupported protocol scheme \"\"" requestData="Method: 'GET'\nURL: 'https://pokeapi.co/api/v2/pokemon'\nHeaders: '[]'\nData ''\n"
time=2024-06-30T21:35:16.204+05:00 level=ERROR msg="Error executing request" err="Get \"GET\": unsupported protocol scheme \"\"" requestData="Method: 'GET'\nURL: 'https://pokeapi.co/api/v2/pokemon'\nHeaders: '[]'\nData ''\n"
time=2024-06-30T21:49:22.477+05:00 level=INFO msg="request data" requesData="Method: 'POST'\nURL: 'http://localhost:8080/todo'\nHeaders: '[]'\nData ''\n"
time=2024-06-30T21:52:09.122+05:00 level=INFO msg=d data=""
time=2024-06-30T21:52:09.148+05:00 level=INFO msg="request data" requesData="Method: 'POST'\nURL: 'http://localhost:8080/todo'\nHeaders: '[]'\nData ''\n"
time=2024-06-30T21:52:53.530+05:00 level=INFO msg=d data=""
time=2024-06-30T21:52:53.554+05:00 level=INFO msg="request data" requesData="Method: 'POST'\nURL: 'http://localhost:8080/todo'\nHeaders: '[]'\nData ''\n"
time=2024-06-30T21:54:19.049+05:00 level=INFO msg=d data=""
time=2024-06-30T21:54:19.073+05:00 level=INFO msg="request data" requesData="Method: 'POST'\nURL: 'http://localhost:8080/todo'\nHeaders: '[]'\nData ''\n"
time=2024-06-30T21:54:26.960+05:00 level=INFO msg=d data=""
time=2024-06-30T21:54:26.985+05:00 level=INFO msg="request data" requesData="Method: 'POST'\nURL: 'http://localhost:8080/todo'\nHeaders: '[]'\nData ''\n"
time=2024-06-30T21:57:22.581+05:00 level=INFO msg=d data=""
time=2024-06-30T21:57:22.606+05:00 level=INFO msg="request data" requesData="Method: 'POST'\nURL: 'http://localhost:8080/todo'\nHeaders: '[]'\nData ''\n"
time=2024-06-30T21:58:15.024+05:00 level=INFO msg=d data=""
time=2024-06-30T21:58:15.049+05:00 level=INFO msg="request data" requesData="Method: 'POST'\nURL: 'http://localhost:8080/todo'\nHeaders: '[]'\nData ''\n"
time=2024-06-30T21:58:34.887+05:00 level=INFO msg=d data=""
time=2024-06-30T21:58:34.912+05:00 level=INFO msg="request data" requesData="Method: 'POST'\nURL: 'http://localhost:8080/todo'\nHeaders: '[]'\nData ''\n"
time=2024-06-30T21:59:40.286+05:00 level=INFO msg="flag args" args="[POST http://localhost:8080/todo -H Content-Type: application/json -data {\"description\": \"create new task\"}]"
time=2024-06-30T21:59:40.311+05:00 level=INFO msg=d data=""
time=2024-06-30T21:59:40.311+05:00 level=INFO msg="request data" requesData="Method: 'POST'\nURL: 'http://localhost:8080/todo'\nHeaders: '[]'\nData ''\n"
time=2024-06-30T22:01:07.411+05:00 level=INFO msg="flag args" args="[POST http://localhost:8080/todo -H Content-Type: application/json -data {\"description\": \"create new task\"}]"
time=2024-06-30T22:01:07.436+05:00 level=INFO msg=d data=""
time=2024-06-30T22:01:07.436+05:00 level=INFO msg="request data" requesData="Method: 'POST'\nURL: 'http://localhost:8080/todo'\nHeaders: '[]'\nData ''\n"
time=2024-06-30T22:01:13.912+05:00 level=INFO msg="flag args" args="[POST http://localhost:8080/todo -H Content-Type: application/json -d {\"description\": \"create new task\"}]"
time=2024-06-30T22:01:13.944+05:00 level=INFO msg=d data=""
time=2024-06-30T22:01:13.944+05:00 level=INFO msg="request data" requesData="Method: 'POST'\nURL: 'http://localhost:8080/todo'\nHeaders: '[]'\nData ''\n"
time=2024-06-30T22:01:30.323+05:00 level=INFO msg="flag args" args="[POST http://localhost:8080/todo -H Content-Type: application/json --d {\"description\": \"create new task\"}]"
time=2024-06-30T22:01:30.349+05:00 level=INFO msg=d data=""
time=2024-06-30T22:01:30.349+05:00 level=INFO msg="request data" requesData="Method: 'POST'\nURL: 'http://localhost:8080/todo'\nHeaders: '[]'\nData ''\n"
time=2024-06-30T22:01:49.393+05:00 level=INFO msg="flag args" args="[POST http://localhost:8080/todo -H Content-Type: application/json --d {\"description\": \"create new task\"} -h]"
time=2024-06-30T22:01:49.417+05:00 level=INFO msg=d data=""
time=2024-06-30T22:01:49.417+05:00 level=INFO msg="request data" requesData="Method: 'POST'\nURL: 'http://localhost:8080/todo'\nHeaders: '[]'\nData ''\n"
time=2024-06-30T22:03:10.536+05:00 level=INFO msg="flag args" args="[POST http://localhost:8080/todo -d {\"description\": \"create new task\"} -h]"
time=2024-06-30T22:03:10.561+05:00 level=INFO msg=d data=""
time=2024-06-30T22:03:10.561+05:00 level=INFO msg="request data" requesData="Method: 'POST'\nURL: 'http://localhost:8080/todo'\nHeaders: '[]'\nData ''\n"
time=2024-06-30T22:03:43.471+05:00 level=INFO msg="flag args" args="[POST http://localhost:8080/todo -d {\"description\": \"create new task\"} -h]"
time=2024-06-30T22:03:43.497+05:00 level=INFO msg=d data=""
time=2024-06-30T22:03:43.497+05:00 level=INFO msg="request data" requesData="Method: 'POST'\nURL: 'http://localhost:8080/todo'\nHeaders: '[]'\nData ''\n"
time=2024-06-30T22:03:46.567+05:00 level=INFO msg="flag args" args="[POST http://localhost:8080/todo -d {\"description\": \"create new task\"}]"
time=2024-06-30T22:03:46.595+05:00 level=INFO msg=d data=""
time=2024-06-30T22:03:46.595+05:00 level=INFO msg="request data" requesData="Method: 'POST'\nURL: 'http://localhost:8080/todo'\nHeaders: '[]'\nData ''\n"
time=2024-06-30T22:04:19.635+05:00 level=INFO msg="flag args" args="[POST http://localhost:8080/todo]"
time=2024-06-30T22:04:19.660+05:00 level=INFO msg=d data=""
time=2024-06-30T22:04:19.660+05:00 level=INFO msg="request data" requesData="Method: 'POST'\nURL: 'http://localhost:8080/todo'\nHeaders: '[]'\nData ''\n"
time=2024-06-30T22:09:40.967+05:00 level=INFO msg="flag args" args=[]
time=2024-06-30T22:09:40.992+05:00 level=INFO msg=d data="{\"description\": \"create new task\"}"
time=2024-06-30T22:09:40.992+05:00 level=INFO msg="request data" requesData="Method: 'POST'\nURL: 'http://localhost:8080/todo'\nHeaders: '[]'\nData '{\"description\": \"create new task\"}'\n"
time=2024-06-30T22:09:55.471+05:00 level=INFO msg="flag args" args=[]
time=2024-06-30T22:09:55.496+05:00 level=INFO msg=d data="{\"description\": \"create new task\"}"
time=2024-06-30T22:09:55.496+05:00 level=INFO msg="request data" requesData="Method: 'POST'\nURL: 'http://localhost:8080/todo'\nHeaders: '[[Content-Type  application/json]]'\nData '{\"description\": \"create new task\"}'\n"
time=2024-06-30T22:10:28.831+05:00 level=INFO msg="flag args" args="[POST http://localhost:8080/todo -H Content-Type: application/json --d {\"description\": \"create new task\"} -h]"
time=2024-06-30T22:10:28.856+05:00 level=INFO msg=d data=""
time=2024-06-30T22:10:28.856+05:00 level=INFO msg="request data" requesData="Method: 'POST'\nURL: 'http://localhost:8080/todo'\nHeaders: '[]'\nData ''\n"
time=2024-06-30T22:10:48.231+05:00 level=INFO msg="flag args" args=[]
time=2024-06-30T22:10:48.256+05:00 level=INFO msg=d data="{\"description\": \"create new task\"}"
time=2024-06-30T22:10:48.256+05:00 level=INFO msg="request data" requesData="Method: 'POST'\nURL: 'http://localhost:8080/todo'\nHeaders: '[[Content-Type  application/json]]'\nData '{\"description\": \"create new task\"}'\n"
time=2024-06-30T22:12:15.917+05:00 level=INFO msg="flag args" args=[]
time=2024-06-30T22:12:15.941+05:00 level=INFO msg=d data="{\"description\": \"create new task\", done:true}"
time=2024-06-30T22:12:15.941+05:00 level=INFO msg="request data" requesData="Method: 'PATCH'\nURL: 'http://localhost:8080/todo/3'\nHeaders: '[[Content-Type  application/json]]'\nData '{\"description\": \"create new task\", done:true}'\n"
time=2024-06-30T22:12:27.805+05:00 level=INFO msg="flag args" args=[]
time=2024-06-30T22:12:27.831+05:00 level=INFO msg=d data="{\"description\": \"create new task\", \"done\":true}"
time=2024-06-30T22:12:27.831+05:00 level=INFO msg="request data" requesData="Method: 'PATCH'\nURL: 'http://localhost:8080/todo/3'\nHeaders: '[[Content-Type  application/json]]'\nData '{\"description\": \"create new task\", \"done\":true}'\n"
time=2024-06-30T22:12:54.903+05:00 level=INFO msg="flag args" args=[]
time=2024-06-30T22:12:54.929+05:00 level=INFO msg=d data="{\"description\": \"create new task\", \"done\":true}"
time=2024-06-30T22:12:54.929+05:00 level=INFO msg="request data" requesData="Method: 'DELETE'\nURL: 'http://localhost:8080/todo/3'\nHeaders: '[[Content-Type  application/json]]'\nData '{\"description\": \"create new task\", \"done\":true}'\n"
time=2024-06-30T22:13:28.591+05:00 level=INFO msg="flag args" args=[]
time=2024-06-30T22:13:28.617+05:00 level=INFO msg=d data=""
time=2024-06-30T22:13:28.617+05:00 level=INFO msg="request data" requesData="Method: 'GET'\nURL: 'http://localhost:8080/todo'\nHeaders: '[]'\nData ''\n"
time=2024-06-30T22:13:52.987+05:00 level=INFO msg="flag args" args=[]
time=2024-06-30T22:13:53.012+05:00 level=INFO msg=d data=""
time=2024-06-30T22:13:53.012+05:00 level=INFO msg="request data" requesData="Method: 'GET'\nURL: 'http://localhost:8080/todo/3'\nHeaders: '[]'\nData ''\n"
time=2024-06-30T22:13:57.098+05:00 level=INFO msg="flag args" args=[]
time=2024-06-30T22:13:57.123+05:00 level=INFO msg=d data=""
time=2024-06-30T22:13:57.123+05:00 level=INFO msg="request data" requesData="Method: 'GET'\nURL: 'http://localhost:8080/todo/2'\nHeaders: '[]'\nData ''\n"
